<!DOCTYPE html PUBLIC "-//W3C//DTD XHTML 1.1//EN" "https://www.w3.org/TR/xhtml11/DTD/xhtml11.dtd">
<html xmlns="https://www.w3.org/1999/xhtml">
<head>
<meta http-equiv="content-type" content="text/html; charset=UTF-8"/>
<title>TestNG Report</title>
<style type="text/css">table {margin-bottom:10px;border-collapse:collapse;empty-cells:show}th,td {border:1px solid #009;padding:.25em .5em}th {vertical-align:bottom}td {vertical-align:top}table a {font-weight:bold}.stripe td {background-color: #E6EBF9}.num {text-align:right}.passedodd td {background-color: #3F3}.passedeven td {background-color: #0A0}.skippedodd td {background-color: #DDD}.skippedeven td {background-color: #CCC}.failedodd td,.attn {background-color: #F33}.failedeven td,.stripe .attn {background-color: #D00}.stacktrace {white-space:pre;font-family:monospace}.totop {font-size:85%;text-align:center;border-bottom:2px solid #000}.invisible {display:none}</style>
</head>
<body>
<table>
<tr><th>Test</th><th># Passed</th><th># Skipped</th><th># Retried</th><th># Failed</th><th>Time (ms)</th><th>Included Groups</th><th>Excluded Groups</th></tr>
<tr><th colspan="8">Suite</th></tr>
<tr><td><a href="#t0">RegistrationSteps</a></td><td class="num">14</td><td class="num">0</td><td class="num">0</td><td class="num">0</td><td class="num">148,216</td><td></td><td></td></tr>
<tr class="stripe"><td><a href="#t1">LoginSteps</a></td><td class="num">6</td><td class="num">0</td><td class="num">0</td><td class="num">0</td><td class="num">61,735</td><td></td><td></td></tr>
<tr><td><a href="#t2">ForgotPwdSteps</a></td><td class="num">3</td><td class="num">0</td><td class="num">0</td><td class="num">0</td><td class="num">32,789</td><td></td><td></td></tr>
<tr class="stripe"><td><a href="#t3">LogoutSteps</a></td><td class="num">0</td><td class="num">0</td><td class="num">0</td><td class="num attn">2</td><td class="num">29,365</td><td></td><td></td></tr>
<tr><td><a href="#t4">SearchBarSteps</a></td><td class="num">5</td><td class="num">0</td><td class="num">0</td><td class="num">0</td><td class="num">29,754</td><td></td><td></td></tr>
<tr class="stripe"><td><a href="#t5">ProductCompareSteps</a></td><td class="num">1</td><td class="num">0</td><td class="num">0</td><td class="num">0</td><td class="num">28,804</td><td></td><td></td></tr>
<tr><td><a href="#t6">ProductDisplaySteps</a></td><td class="num">0</td><td class="num">0</td><td class="num">0</td><td class="num attn">1</td><td class="num">27,630</td><td></td><td></td></tr>
<tr class="stripe"><td><a href="#t7">AddToCartSteps</a></td><td class="num">4</td><td class="num">0</td><td class="num">0</td><td class="num">0</td><td class="num">30,784</td><td></td><td></td></tr>
<tr><td><a href="#t8">WishListSteps</a></td><td class="num">3</td><td class="num">0</td><td class="num">0</td><td class="num attn">1</td><td class="num">27,987</td><td></td><td></td></tr>
<tr class="stripe"><td><a href="#t9">HomeSteps</a></td><td class="num">5</td><td class="num">0</td><td class="num">0</td><td class="num">0</td><td class="num">35,523</td><td></td><td></td></tr>
<tr><td><a href="#t10">CheckOutSteps</a></td><td class="num">2</td><td class="num">0</td><td class="num">0</td><td class="num">0</td><td class="num">24,836</td><td></td><td></td></tr>
<tr class="stripe"><td><a href="#t11">MyAccountSteps</a></td><td class="num">4</td><td class="num">0</td><td class="num">0</td><td class="num">0</td><td class="num">23,050</td><td></td><td></td></tr>
<tr><td><a href="#t12">MyAccountInfoSteps</a></td><td class="num">0</td><td class="num">0</td><td class="num">0</td><td class="num attn">1</td><td class="num">26,083</td><td></td><td></td></tr>
<tr class="stripe"><td><a href="#t13">ChangePwdSteps</a></td><td class="num">0</td><td class="num">0</td><td class="num">0</td><td class="num attn">1</td><td class="num">23,246</td><td></td><td></td></tr>
<tr><td><a href="#t14">AddressBookSteps</a></td><td class="num">0</td><td class="num">0</td><td class="num">0</td><td class="num attn">1</td><td class="num">28,936</td><td></td><td></td></tr>
<tr><th>Total</th><th class="num">47</th><th class="num">0</th><th class="num">0</th><th class="num attn">7</th><th class="num">578,738</th><th colspan="2"></th></tr>
</table>
<table id='summary'><thead><tr><th>Class</th><th>Method</th><th>Start</th><th>Time (ms)</th></tr></thead><tbody><tr><th colspan="4">Suite</th></tr></tbody><tbody id="t0"><tr><th colspan="4">RegistrationSteps &#8212; passed</th></tr><tr class="passedeven"><td rowspan="14">stepdefin.RegistrationSteps</td><td><a href="#m0">testRegistration</a></td><td rowspan="14">1716455656203</td><td rowspan="14">7781</td></tr><tr class="passedeven"><td><a href="#m1">testRegistration</a></td></tr><tr class="passedeven"><td><a href="#m2">testRegistration</a></td></tr><tr class="passedeven"><td><a href="#m3">testRegistration</a></td></tr><tr class="passedeven"><td><a href="#m4">testRegistration</a></td></tr><tr class="passedeven"><td><a href="#m5">testRegistration</a></td></tr><tr class="passedeven"><td><a href="#m6">testRegistration</a></td></tr><tr class="passedeven"><td><a href="#m7">testRegistration</a></td></tr><tr class="passedeven"><td><a href="#m8">testRegistration</a></td></tr><tr class="passedeven"><td><a href="#m9">testRegistration</a></td></tr><tr class="passedeven"><td><a href="#m10">testRegistration</a></td></tr><tr class="passedeven"><td><a href="#m11">testRegistration</a></td></tr><tr class="passedeven"><td><a href="#m12">testRegistration</a></td></tr><tr class="passedeven"><td><a href="#m13">testRegistration</a></td></tr></tbody>
<tbody id="t1"><tr><th colspan="4">LoginSteps &#8212; passed</th></tr><tr class="passedeven"><td rowspan="6">stepdefin.LoginSteps</td><td><a href="#m14">loginTest</a></td><td rowspan="6">1716455716971</td><td rowspan="6">7492</td></tr><tr class="passedeven"><td><a href="#m15">loginTest</a></td></tr><tr class="passedeven"><td><a href="#m16">loginTest</a></td></tr><tr class="passedeven"><td><a href="#m17">loginTest</a></td></tr><tr class="passedeven"><td><a href="#m18">loginTest</a></td></tr><tr class="passedeven"><td><a href="#m19">loginTest</a></td></tr></tbody>
<tbody id="t2"><tr><th colspan="4">ForgotPwdSteps &#8212; passed</th></tr><tr class="passedeven"><td rowspan="3">stepdefin.ForgotPwdSteps</td><td><a href="#m20">testForgottenPassword</a></td><td rowspan="3">1716455776939</td><td rowspan="3">4828</td></tr><tr class="passedeven"><td><a href="#m21">testForgottenPassword</a></td></tr><tr class="passedeven"><td><a href="#m22">testForgottenPassword</a></td></tr></tbody>
<tbody id="t3"><tr><th colspan="4">LogoutSteps &#8212; failed</th></tr><tr class="failedeven"><td rowspan="2">stepdefin.LogoutSteps</td><td><a href="#m23">testLogout</a></td><td rowspan="2">1716455808745</td><td rowspan="2">5741</td></tr><tr class="failedeven"><td><a href="#m24">testLogout</a></td></tr></tbody>
<tbody id="t4"><tr><th colspan="4">SearchBarSteps &#8212; passed</th></tr><tr class="passedeven"><td rowspan="5">stepdefin.SearchBarSteps</td><td><a href="#m25">testSearch</a></td><td rowspan="5">1716455839077</td><td rowspan="5">2763</td></tr><tr class="passedeven"><td><a href="#m26">testSearch</a></td></tr><tr class="passedeven"><td><a href="#m27">testSearch</a></td></tr><tr class="passedeven"><td><a href="#m28">testSearch</a></td></tr><tr class="passedeven"><td><a href="#m29">testSearch</a></td></tr></tbody>
<tbody id="t5"><tr><th colspan="4">ProductCompareSteps &#8212; passed</th></tr><tr class="passedeven"><td rowspan="1">stepdefin.ProductCompareSteps</td><td><a href="#m30">testProductComparison</a></td><td rowspan="1">1716455870076</td><td rowspan="1">7981</td></tr></tbody>
<tbody id="t6"><tr><th colspan="4">ProductDisplaySteps &#8212; failed</th></tr><tr class="failedeven"><td rowspan="1">stepdefin.ProductDisplaySteps</td><td><a href="#m31">testProductDetails</a></td><td rowspan="1">1716455898650</td><td rowspan="1">6751</td></tr></tbody>
<tbody id="t7"><tr><th colspan="4">AddToCartSteps &#8212; passed</th></tr><tr class="passedeven"><td rowspan="4">stepdefin.AddToCartSteps</td><td><a href="#m32">testAddToCart</a></td><td rowspan="1">1716455927780</td><td rowspan="1">347</td></tr><tr class="passedeven"><td><a href="#m33">testLogin</a></td><td rowspan="1">1716455928162</td><td rowspan="1">4983</td></tr><tr class="passedeven"><td><a href="#m34">testSearch</a></td><td rowspan="1">1716455933151</td><td rowspan="1">1845</td></tr><tr class="passedeven"><td><a href="#m35">testShoppingCartIcon</a></td><td rowspan="1">1716455934999</td><td rowspan="1">1619</td></tr></tbody>
<tbody id="t8"><tr><th colspan="4">WishListSteps &#8212; failed</th></tr><tr class="failedeven"><td rowspan="1">stepdefin.WishListSteps</td><td><a href="#m36">testLogin</a></td><td rowspan="1">1716455957831</td><td rowspan="1">1692</td></tr><tr><th colspan="4">WishListSteps &#8212; passed</th></tr><tr class="passedeven"><td rowspan="3">stepdefin.WishListSteps</td><td><a href="#m37">testAddToWishlist</a></td><td rowspan="1">1716455957400</td><td rowspan="1">411</td></tr><tr class="passedeven"><td><a href="#m38">testSearch</a></td><td rowspan="1">1716455959589</td><td rowspan="1">2479</td></tr><tr class="passedeven"><td><a href="#m39">testWishlistMenuIcon</a></td><td rowspan="1">1716455962101</td><td rowspan="1">1883</td></tr></tbody>
<tbody id="t9"><tr><th colspan="4">HomeSteps &#8212; passed</th></tr><tr class="passedeven"><td rowspan="5">stepdefin.HomeSteps</td><td><a href="#m40">testAddToWishlist</a></td><td rowspan="1">1716455984907</td><td rowspan="1">456</td></tr><tr class="passedeven"><td><a href="#m41">testHomeIcon</a></td><td rowspan="1">1716455985366</td><td rowspan="1">6696</td></tr><tr class="passedeven"><td><a href="#m42">testLogin</a></td><td rowspan="1">1716455992096</td><td rowspan="1">4147</td></tr><tr class="passedeven"><td><a href="#m43">testSearch</a></td><td rowspan="1">1716455996314</td><td rowspan="1">2085</td></tr><tr class="passedeven"><td><a href="#m44">testWishlistMenuIcon</a></td><td rowspan="1">1716455998406</td><td rowspan="1">1456</td></tr></tbody>
<tbody id="t10"><tr><th colspan="4">CheckOutSteps &#8212; passed</th></tr><tr class="passedeven"><td rowspan="2">stepdefin.CheckOutSteps</td><td><a href="#m45">testCheckOut</a></td><td rowspan="1">1716456023674</td><td rowspan="1">1435</td></tr><tr class="passedeven"><td><a href="#m46">testLogin</a></td><td rowspan="1">1716456018995</td><td rowspan="1">4602</td></tr></tbody>
<tbody id="t11"><tr><th colspan="4">MyAccountSteps &#8212; passed</th></tr><tr class="passedeven"><td rowspan="4">stepdefin.MyAccountSteps</td><td><a href="#m47">testClicks</a></td><td rowspan="4">1716456043694</td><td rowspan="4">372</td></tr><tr class="passedeven"><td><a href="#m48">testClicks</a></td></tr><tr class="passedeven"><td><a href="#m49">testClicks</a></td></tr><tr class="passedeven"><td><a href="#m50">testClicks</a></td></tr></tbody>
<tbody id="t12"><tr><th colspan="4">MyAccountInfoSteps &#8212; failed</th></tr><tr class="failedeven"><td rowspan="1">stepdefin.MyAccountInfoSteps</td><td><a href="#m51">testEditAccount</a></td><td rowspan="1">1716456069310</td><td rowspan="1">4365</td></tr></tbody>
<tbody id="t13"><tr><th colspan="4">ChangePwdSteps &#8212; failed</th></tr><tr class="failedeven"><td rowspan="1">stepdefin.ChangePwdSteps</td><td><a href="#m52">testChangePassword</a></td><td rowspan="1">1716456093008</td><td rowspan="1">4460</td></tr></tbody>
<tbody id="t14"><tr><th colspan="4">AddressBookSteps &#8212; failed</th></tr><tr class="failedeven"><td rowspan="1">stepdefin.AddressBookSteps</td><td><a href="#m53">addNewAddress</a></td><td rowspan="1">1716456119709</td><td rowspan="1">6637</td></tr></tbody>
</table>
<h2>RegistrationSteps</h2><h3 id="m0">stepdefin.RegistrationSteps#testRegistration</h3><table class="result"><tr class="param"><th>Parameter #1</th><th>Parameter #2</th><th>Parameter #3</th><th>Parameter #4</th><th>Parameter #5</th><th>Parameter #6</th><th>Parameter #7</th></tr><tr class="param stripe"><td>C V Surendra</td><td>Surendra</td><td>cvsurendra2001@gmail.com</td><td>8186874383</td><td></td><td>Phani@123</td><td>false</td></tr></table><p class="totop"><a href="#summary">back to summary</a></p>
<h3 id="m1">stepdefin.RegistrationSteps#testRegistration</h3><table class="result"><tr class="param"><th>Parameter #1</th><th>Parameter #2</th><th>Parameter #3</th><th>Parameter #4</th><th>Parameter #5</th><th>Parameter #6</th><th>Parameter #7</th></tr><tr class="param stripe"><td></td><td></td><td></td><td></td><td></td><td></td><td>false</td></tr></table><p class="totop"><a href="#summary">back to summary</a></p>
<h3 id="m2">stepdefin.RegistrationSteps#testRegistration</h3><table class="result"><tr class="param"><th>Parameter #1</th><th>Parameter #2</th><th>Parameter #3</th><th>Parameter #4</th><th>Parameter #5</th><th>Parameter #6</th><th>Parameter #7</th></tr><tr class="param stripe"><td>C V Surendra</td><td>Surendra</td><td>cvsurendra2001@gmail.com</td><td>8186874383</td><td>Phani@123</td><td>Phani@123</td><td>true</td></tr></table><p class="totop"><a href="#summary">back to summary</a></p>
<h3 id="m3">stepdefin.RegistrationSteps#testRegistration</h3><table class="result"><tr class="param"><th>Parameter #1</th><th>Parameter #2</th><th>Parameter #3</th><th>Parameter #4</th><th>Parameter #5</th><th>Parameter #6</th><th>Parameter #7</th></tr><tr class="param stripe"><td>C V Surendra</td><td>Surendra</td><td>cvsurendra2001@gmail.com</td><td>8186874383</td><td>Phani@123</td><td>Phani@123</td><td>false</td></tr></table><p class="totop"><a href="#summary">back to summary</a></p>
<h3 id="m4">stepdefin.RegistrationSteps#testRegistration</h3><table class="result"><tr class="param"><th>Parameter #1</th><th>Parameter #2</th><th>Parameter #3</th><th>Parameter #4</th><th>Parameter #5</th><th>Parameter #6</th><th>Parameter #7</th></tr><tr class="param stripe"><td>C V Surendra</td><td>Surendra</td><td>cvsurendra2001@gmail.com</td><td>8186874</td><td>Phani@123</td><td>Phani@123</td><td>false</td></tr></table><p class="totop"><a href="#summary">back to summary</a></p>
<h3 id="m5">stepdefin.RegistrationSteps#testRegistration</h3><table class="result"><tr class="param"><th>Parameter #1</th><th>Parameter #2</th><th>Parameter #3</th><th>Parameter #4</th><th>Parameter #5</th><th>Parameter #6</th><th>Parameter #7</th></tr><tr class="param stripe"><td>C V Surendra</td><td>Surendra</td><td></td><td>8186874383</td><td>Phani@123</td><td>Phani@123</td><td>false</td></tr></table><p class="totop"><a href="#summary">back to summary</a></p>
<h3 id="m6">stepdefin.RegistrationSteps#testRegistration</h3><table class="result"><tr class="param"><th>Parameter #1</th><th>Parameter #2</th><th>Parameter #3</th><th>Parameter #4</th><th>Parameter #5</th><th>Parameter #6</th><th>Parameter #7</th></tr><tr class="param stripe"><td>C V Surendra</td><td>Surendra</td><td>cvsurendra2001@gmail.com</td><td></td><td>Phani@123</td><td>Phani@123</td><td>false</td></tr></table><p class="totop"><a href="#summary">back to summary</a></p>
<h3 id="m7">stepdefin.RegistrationSteps#testRegistration</h3><table class="result"><tr class="param"><th>Parameter #1</th><th>Parameter #2</th><th>Parameter #3</th><th>Parameter #4</th><th>Parameter #5</th><th>Parameter #6</th><th>Parameter #7</th></tr><tr class="param stripe"><td>C V Surendra</td><td></td><td>cvsurendra2001@gmail.com</td><td>8186874383</td><td>Phani@12</td><td>Phani@123</td><td>false</td></tr></table><p class="totop"><a href="#summary">back to summary</a></p>
<h3 id="m8">stepdefin.RegistrationSteps#testRegistration</h3><table class="result"><tr class="param"><th>Parameter #1</th><th>Parameter #2</th><th>Parameter #3</th><th>Parameter #4</th><th>Parameter #5</th><th>Parameter #6</th><th>Parameter #7</th></tr><tr class="param stripe"><td>345566</td><td>$$$</td><td>85949jjbbb</td><td>% $</td><td>% $ $ $</td><td>!&amp;%</td><td>false</td></tr></table><p class="totop"><a href="#summary">back to summary</a></p>
<h3 id="m9">stepdefin.RegistrationSteps#testRegistration</h3><table class="result"><tr class="param"><th>Parameter #1</th><th>Parameter #2</th><th>Parameter #3</th><th>Parameter #4</th><th>Parameter #5</th><th>Parameter #6</th><th>Parameter #7</th></tr><tr class="param stripe"><td></td><td>Surendra</td><td>cvsurendra2001@gmail.com</td><td>8186874383</td><td>Phani@123</td><td>Phani@</td><td>false</td></tr></table><p class="totop"><a href="#summary">back to summary</a></p>
<h3 id="m10">stepdefin.RegistrationSteps#testRegistration</h3><table class="result"><tr class="param"><th>Parameter #1</th><th>Parameter #2</th><th>Parameter #3</th><th>Parameter #4</th><th>Parameter #5</th><th>Parameter #6</th><th>Parameter #7</th></tr><tr class="param stripe"><td>C V Surendra</td><td>Surendra</td><td>cvsurendra2001@gmail.com</td><td>8186874383</td><td>Phani@12</td><td>Phani@123</td><td>false</td></tr></table><p class="totop"><a href="#summary">back to summary</a></p>
<h3 id="m11">stepdefin.RegistrationSteps#testRegistration</h3><table class="result"><tr class="param"><th>Parameter #1</th><th>Parameter #2</th><th>Parameter #3</th><th>Parameter #4</th><th>Parameter #5</th><th>Parameter #6</th><th>Parameter #7</th></tr><tr class="param stripe"><td>C V Surendra</td><td>Surendra</td><td>cvsurendra2001@</td><td>8186874383</td><td>Phani@123</td><td>Phani@123</td><td>false</td></tr></table><p class="totop"><a href="#summary">back to summary</a></p>
<h3 id="m12">stepdefin.RegistrationSteps#testRegistration</h3><table class="result"><tr class="param"><th>Parameter #1</th><th>Parameter #2</th><th>Parameter #3</th><th>Parameter #4</th><th>Parameter #5</th><th>Parameter #6</th><th>Parameter #7</th></tr><tr class="param stripe"><td>C V Surendra</td><td>Surendra</td><td>cvsurendra2001@gmail.com</td><td>8186874383</td><td>Phani@123</td><td></td><td>false</td></tr></table><p class="totop"><a href="#summary">back to summary</a></p>
<h3 id="m13">stepdefin.RegistrationSteps#testRegistration</h3><table class="result"><tr class="param"><th>Parameter #1</th><th>Parameter #2</th><th>Parameter #3</th><th>Parameter #4</th><th>Parameter #5</th><th>Parameter #6</th><th>Parameter #7</th></tr><tr class="param stripe"><td>C V Surendra</td><td>Surendra</td><td>cvsurendra2001@gmail.com</td><td>8186874383</td><td>Phani@123</td><td>Phani@</td><td>false</td></tr></table><p class="totop"><a href="#summary">back to summary</a></p>
<h2>LoginSteps</h2><h3 id="m14">stepdefin.LoginSteps#loginTest</h3><table class="result"><tr class="param"><th>Parameter #1</th><th>Parameter #2</th></tr><tr class="param stripe"><td>cvsurendra2001@gmail.com</td><td>Phani@123@123</td></tr></table><p class="totop"><a href="#summary">back to summary</a></p>
<h3 id="m15">stepdefin.LoginSteps#loginTest</h3><table class="result"><tr class="param"><th>Parameter #1</th><th>Parameter #2</th></tr><tr class="param stripe"><td>cvsurendra2001@gmail.com</td><td>Invalid@123</td></tr></table><p class="totop"><a href="#summary">back to summary</a></p>
<h3 id="m16">stepdefin.LoginSteps#loginTest</h3><table class="result"><tr class="param"><th>Parameter #1</th><th>Parameter #2</th></tr><tr class="param stripe"><td></td><td></td></tr></table><p class="totop"><a href="#summary">back to summary</a></p>
<h3 id="m17">stepdefin.LoginSteps#loginTest</h3><table class="result"><tr class="param"><th>Parameter #1</th><th>Parameter #2</th></tr><tr class="param stripe"><td>@#$&amp;*(</td><td>#$%#@12</td></tr></table><p class="totop"><a href="#summary">back to summary</a></p>
<h3 id="m18">stepdefin.LoginSteps#loginTest</h3><table class="result"><tr class="param"><th>Parameter #1</th><th>Parameter #2</th></tr><tr class="param stripe"><td>invalidemail@example.com</td><td>Invalid@123</td></tr></table><p class="totop"><a href="#summary">back to summary</a></p>
<h3 id="m19">stepdefin.LoginSteps#loginTest</h3><table class="result"><tr class="param"><th>Parameter #1</th><th>Parameter #2</th></tr><tr class="param stripe"><td>invalidemail@example.com</td><td>Phani@123</td></tr></table><p class="totop"><a href="#summary">back to summary</a></p>
<h2>ForgotPwdSteps</h2><h3 id="m20">stepdefin.ForgotPwdSteps#testForgottenPassword</h3><table class="result"><tr class="param"><th>Parameter #1</th></tr><tr class="param stripe"><td>karthik2001@gmail.com</td></tr></table><p class="totop"><a href="#summary">back to summary</a></p>
<h3 id="m21">stepdefin.ForgotPwdSteps#testForgottenPassword</h3><table class="result"><tr class="param"><th>Parameter #1</th></tr><tr class="param stripe"><td>admin@example.com</td></tr></table><p class="totop"><a href="#summary">back to summary</a></p>
<h3 id="m22">stepdefin.ForgotPwdSteps#testForgottenPassword</h3><table class="result"><tr class="param"><th>Parameter #1</th></tr><tr class="param stripe"><td>user@example.com</td></tr></table><p class="totop"><a href="#summary">back to summary</a></p>
<h2>LogoutSteps</h2><h3 id="m23">stepdefin.LogoutSteps#testLogout</h3><table class="result"><tr class="param"><th>Parameter #1</th><th>Parameter #2</th></tr><tr class="param stripe"><td>cvsurendra2001@gmail.com</td><td>Phani@123</td></tr><tr><th colspan="2">Exception</th></tr><tr><td colspan="2"><div class="stacktrace">org.openqa.selenium.NoSuchElementException: no such element: Unable to locate element: {&quot;method&quot;:&quot;link text&quot;,&quot;selector&quot;:&quot;Logout&quot;}
  (Session info: MicrosoftEdge=125.0.2535.51)
For documentation on this error, please visit: https://www.selenium.dev/documentation/webdriver/troubleshooting/errors#no-such-element-exception
Build info: version: &apos;4.10.0&apos;, revision: &apos;c14d967899&apos;
System info: os.name: &apos;Windows 10&apos;, os.arch: &apos;amd64&apos;, os.version: &apos;10.0&apos;, java.version: &apos;21.0.3&apos;
Driver info: org.openqa.selenium.edge.EdgeDriver
Command: [d3fa50bf5ea1b76cae0ffdd6f2b069a1, findElement {using=link text, value=Logout}]
Capabilities {acceptInsecureCerts: false, browserName: MicrosoftEdge, browserVersion: 125.0.2535.51, fedcm:accounts: true, ms:edgeOptions: {debuggerAddress: localhost:51947}, msedge: {msedgedriverVersion: 125.0.2535.51 (b1bc6e892654..., userDataDir: C:\Users\LENOVO\AppData\Loc...}, networkConnectionEnabled: false, pageLoadStrategy: normal, platformName: windows, proxy: Proxy(), se:cdp: ws://localhost:51947/devtoo..., se:cdpVersion: 125.0.2535.51, setWindowRect: true, strictFileInteractability: false, timeouts: {implicit: 0, pageLoad: 300000, script: 30000}, unhandledPromptBehavior: dismiss and notify, webauthn:extension:credBlob: true, webauthn:extension:largeBlob: true, webauthn:extension:minPinLength: true, webauthn:extension:prf: true, webauthn:virtualAuthenticators: true}
Session ID: d3fa50bf5ea1b76cae0ffdd6f2b069a1
	at org.openqa.selenium.remote.codec.w3c.W3CHttpResponseCodec.createException(W3CHttpResponseCodec.java:199)
	at org.openqa.selenium.remote.codec.w3c.W3CHttpResponseCodec.decode(W3CHttpResponseCodec.java:132)
	at org.openqa.selenium.remote.codec.w3c.W3CHttpResponseCodec.decode(W3CHttpResponseCodec.java:51)
	at org.openqa.selenium.remote.HttpCommandExecutor.execute(HttpCommandExecutor.java:191)
	at org.openqa.selenium.remote.service.DriverCommandExecutor.invokeExecute(DriverCommandExecutor.java:196)
	at org.openqa.selenium.remote.service.DriverCommandExecutor.execute(DriverCommandExecutor.java:171)
	at org.openqa.selenium.remote.RemoteWebDriver.execute(RemoteWebDriver.java:531)
	at org.openqa.selenium.remote.ElementLocation$ElementFinder$2.findElement(ElementLocation.java:165)
	at org.openqa.selenium.remote.ElementLocation.findElement(ElementLocation.java:59)
	at org.openqa.selenium.remote.RemoteWebDriver.findElement(RemoteWebDriver.java:350)
	at org.openqa.selenium.remote.RemoteWebDriver.findElement(RemoteWebDriver.java:344)
	at pages1.LogoutPage.clickLogout(LogoutPage.java:49)
	at stepdefin.LogoutSteps.testLogout(LogoutSteps.java:46)
	at java.base/java.util.concurrent.ThreadPoolExecutor.runWorker(ThreadPoolExecutor.java:1144)
	at java.base/java.util.concurrent.ThreadPoolExecutor$Worker.run(ThreadPoolExecutor.java:642)
	at java.base/java.lang.Thread.run(Thread.java:1583)
... Removed 13 stack frames</div></td></tr></table><p class="totop"><a href="#summary">back to summary</a></p>
<h3 id="m24">stepdefin.LogoutSteps#testLogout</h3><table class="result"><tr class="param"><th>Parameter #1</th><th>Parameter #2</th></tr><tr class="param stripe"><td>cvsurendra2001@gmail.com</td><td>Phani@123</td></tr><tr><th colspan="2">Exception</th></tr><tr><td colspan="2"><div class="stacktrace">org.openqa.selenium.NoSuchElementException: no such element: Unable to locate element: {&quot;method&quot;:&quot;link text&quot;,&quot;selector&quot;:&quot;Logout&quot;}
  (Session info: MicrosoftEdge=125.0.2535.51)
For documentation on this error, please visit: https://www.selenium.dev/documentation/webdriver/troubleshooting/errors#no-such-element-exception
Build info: version: &apos;4.10.0&apos;, revision: &apos;c14d967899&apos;
System info: os.name: &apos;Windows 10&apos;, os.arch: &apos;amd64&apos;, os.version: &apos;10.0&apos;, java.version: &apos;21.0.3&apos;
Driver info: org.openqa.selenium.edge.EdgeDriver
Command: [d3fa50bf5ea1b76cae0ffdd6f2b069a1, findElement {using=link text, value=Logout}]
Capabilities {acceptInsecureCerts: false, browserName: MicrosoftEdge, browserVersion: 125.0.2535.51, fedcm:accounts: true, ms:edgeOptions: {debuggerAddress: localhost:51947}, msedge: {msedgedriverVersion: 125.0.2535.51 (b1bc6e892654..., userDataDir: C:\Users\LENOVO\AppData\Loc...}, networkConnectionEnabled: false, pageLoadStrategy: normal, platformName: windows, proxy: Proxy(), se:cdp: ws://localhost:51947/devtoo..., se:cdpVersion: 125.0.2535.51, setWindowRect: true, strictFileInteractability: false, timeouts: {implicit: 0, pageLoad: 300000, script: 30000}, unhandledPromptBehavior: dismiss and notify, webauthn:extension:credBlob: true, webauthn:extension:largeBlob: true, webauthn:extension:minPinLength: true, webauthn:extension:prf: true, webauthn:virtualAuthenticators: true}
Session ID: d3fa50bf5ea1b76cae0ffdd6f2b069a1
	at org.openqa.selenium.remote.codec.w3c.W3CHttpResponseCodec.createException(W3CHttpResponseCodec.java:199)
	at org.openqa.selenium.remote.codec.w3c.W3CHttpResponseCodec.decode(W3CHttpResponseCodec.java:132)
	at org.openqa.selenium.remote.codec.w3c.W3CHttpResponseCodec.decode(W3CHttpResponseCodec.java:51)
	at org.openqa.selenium.remote.HttpCommandExecutor.execute(HttpCommandExecutor.java:191)
	at org.openqa.selenium.remote.service.DriverCommandExecutor.invokeExecute(DriverCommandExecutor.java:196)
	at org.openqa.selenium.remote.service.DriverCommandExecutor.execute(DriverCommandExecutor.java:171)
	at org.openqa.selenium.remote.RemoteWebDriver.execute(RemoteWebDriver.java:531)
	at org.openqa.selenium.remote.ElementLocation$ElementFinder$2.findElement(ElementLocation.java:165)
	at org.openqa.selenium.remote.ElementLocation.findElement(ElementLocation.java:59)
	at org.openqa.selenium.remote.RemoteWebDriver.findElement(RemoteWebDriver.java:350)
	at org.openqa.selenium.remote.RemoteWebDriver.findElement(RemoteWebDriver.java:344)
	at pages1.LogoutPage.clickLogout(LogoutPage.java:49)
	at stepdefin.LogoutSteps.testLogout(LogoutSteps.java:46)
	at java.base/java.util.concurrent.ThreadPoolExecutor.runWorker(ThreadPoolExecutor.java:1144)
	at java.base/java.util.concurrent.ThreadPoolExecutor$Worker.run(ThreadPoolExecutor.java:642)
	at java.base/java.lang.Thread.run(Thread.java:1583)
... Removed 13 stack frames</div></td></tr></table><p class="totop"><a href="#summary">back to summary</a></p>
<h2>SearchBarSteps</h2><h3 id="m25">stepdefin.SearchBarSteps#testSearch</h3><table class="result"><tr class="param"><th>Parameter #1</th></tr><tr class="param stripe"><td>iMac</td></tr></table><p class="totop"><a href="#summary">back to summary</a></p>
<h3 id="m26">stepdefin.SearchBarSteps#testSearch</h3><table class="result"><tr class="param"><th>Parameter #1</th></tr><tr class="param stripe"><td>creative cars</td></tr></table><p class="totop"><a href="#summary">back to summary</a></p>
<h3 id="m27">stepdefin.SearchBarSteps#testSearch</h3><table class="result"><tr class="param"><th>Parameter #1</th></tr><tr class="param stripe"><td>Mac</td></tr></table><p class="totop"><a href="#summary">back to summary</a></p>
<h3 id="m28">stepdefin.SearchBarSteps#testSearch</h3><table class="result"><tr class="param"><th>Parameter #1</th></tr><tr class="param stripe"><td></td></tr></table><p class="totop"><a href="#summary">back to summary</a></p>
<h3 id="m29">stepdefin.SearchBarSteps#testSearch</h3><table class="result"><tr class="param"><th>Parameter #1</th></tr><tr class="param stripe"><td>iLife</td></tr></table><p class="totop"><a href="#summary">back to summary</a></p>
<h2>ProductCompareSteps</h2><h3 id="m30">stepdefin.ProductCompareSteps#testProductComparison</h3><table class="result"><tr class="param"><th>Parameter #1</th></tr><tr class="param stripe"><td>Mac</td></tr></table><p class="totop"><a href="#summary">back to summary</a></p>
<h2>ProductDisplaySteps</h2><h3 id="m31">stepdefin.ProductDisplaySteps#testProductDetails</h3><table class="result"><tr class="param"><th>Parameter #1</th><th>Parameter #2</th><th>Parameter #3</th><th>Parameter #4</th><th>Parameter #5</th></tr><tr class="param stripe"><td>MacBook</td><td>Apple</td><td>Product 16</td><td>600</td><td>In Stock</td></tr><tr><th colspan="5">Exception</th></tr><tr><td colspan="5"><div class="stacktrace">org.openqa.selenium.NoSuchElementException: no such element: Unable to locate element: {&quot;method&quot;:&quot;xpath&quot;,&quot;selector&quot;:&quot;//h1[@class=&apos;product-title&apos;]&quot;}
  (Session info: MicrosoftEdge=125.0.2535.51)
For documentation on this error, please visit: https://www.selenium.dev/documentation/webdriver/troubleshooting/errors#no-such-element-exception
Build info: version: &apos;4.10.0&apos;, revision: &apos;c14d967899&apos;
System info: os.name: &apos;Windows 10&apos;, os.arch: &apos;amd64&apos;, os.version: &apos;10.0&apos;, java.version: &apos;21.0.3&apos;
Driver info: org.openqa.selenium.edge.EdgeDriver
Command: [d98c8e743f7fd9645e25f5e968955ba2, findElement {using=xpath, value=//h1[@class=&apos;product-title&apos;]}]
Capabilities {acceptInsecureCerts: false, browserName: MicrosoftEdge, browserVersion: 125.0.2535.51, fedcm:accounts: true, ms:edgeOptions: {debuggerAddress: localhost:52100}, msedge: {msedgedriverVersion: 125.0.2535.51 (b1bc6e892654..., userDataDir: C:\Users\LENOVO\AppData\Loc...}, networkConnectionEnabled: false, pageLoadStrategy: normal, platformName: windows, proxy: Proxy(), se:cdp: ws://localhost:52100/devtoo..., se:cdpVersion: 125.0.2535.51, setWindowRect: true, strictFileInteractability: false, timeouts: {implicit: 0, pageLoad: 300000, script: 30000}, unhandledPromptBehavior: dismiss and notify, webauthn:extension:credBlob: true, webauthn:extension:largeBlob: true, webauthn:extension:minPinLength: true, webauthn:extension:prf: true, webauthn:virtualAuthenticators: true}
Session ID: d98c8e743f7fd9645e25f5e968955ba2
	at org.openqa.selenium.remote.codec.w3c.W3CHttpResponseCodec.createException(W3CHttpResponseCodec.java:199)
	at org.openqa.selenium.remote.codec.w3c.W3CHttpResponseCodec.decode(W3CHttpResponseCodec.java:132)
	at org.openqa.selenium.remote.codec.w3c.W3CHttpResponseCodec.decode(W3CHttpResponseCodec.java:51)
	at org.openqa.selenium.remote.HttpCommandExecutor.execute(HttpCommandExecutor.java:191)
	at org.openqa.selenium.remote.service.DriverCommandExecutor.invokeExecute(DriverCommandExecutor.java:196)
	at org.openqa.selenium.remote.service.DriverCommandExecutor.execute(DriverCommandExecutor.java:171)
	at org.openqa.selenium.remote.RemoteWebDriver.execute(RemoteWebDriver.java:531)
	at org.openqa.selenium.remote.ElementLocation$ElementFinder$2.findElement(ElementLocation.java:165)
	at org.openqa.selenium.remote.ElementLocation.findElement(ElementLocation.java:59)
	at org.openqa.selenium.remote.RemoteWebDriver.findElement(RemoteWebDriver.java:350)
	at org.openqa.selenium.remote.RemoteWebDriver.findElement(RemoteWebDriver.java:344)
	at pages1.ProductDisplayPage.getProductName(ProductDisplayPage.java:23)
	at stepdefin.ProductDisplaySteps.testProductDetails(ProductDisplaySteps.java:41)
	at java.base/java.util.concurrent.ThreadPoolExecutor.runWorker(ThreadPoolExecutor.java:1144)
	at java.base/java.util.concurrent.ThreadPoolExecutor$Worker.run(ThreadPoolExecutor.java:642)
	at java.base/java.lang.Thread.run(Thread.java:1583)
... Removed 13 stack frames</div></td></tr></table><p class="totop"><a href="#summary">back to summary</a></p>
<h2>AddToCartSteps</h2><h3 id="m32">stepdefin.AddToCartSteps#testAddToCart</h3><table class="result"><tr><th class="invisible"/></tr></table><p class="totop"><a href="#summary">back to summary</a></p>
<h3 id="m33">stepdefin.AddToCartSteps#testLogin</h3><table class="result"><tr class="param"><th>Parameter #1</th><th>Parameter #2</th></tr><tr class="param stripe"><td>cvsurendra2001@gmail.com</td><td>Phani@123</td></tr></table><p class="totop"><a href="#summary">back to summary</a></p>
<h3 id="m34">stepdefin.AddToCartSteps#testSearch</h3><table class="result"><tr class="param"><th>Parameter #1</th></tr><tr class="param stripe"><td>Mac</td></tr></table><p class="totop"><a href="#summary">back to summary</a></p>
<h3 id="m35">stepdefin.AddToCartSteps#testShoppingCartIcon</h3><table class="result"><tr><th class="invisible"/></tr></table><p class="totop"><a href="#summary">back to summary</a></p>
<h2>WishListSteps</h2><h3 id="m36">stepdefin.WishListSteps#testLogin</h3><table class="result"><tr class="param"><th>Parameter #1</th><th>Parameter #2</th></tr><tr class="param stripe"><td>cvsurendra2001@gmail.com</td><td>Phani@123</td></tr><tr><th colspan="2">Exception</th></tr><tr><td colspan="2"><div class="stacktrace">org.openqa.selenium.ElementClickInterceptedException: element click intercepted: Element &lt;a href=&quot;https://naveenautomationlabs.com/opencart/index.php?route=account/account&quot; title=&quot;My Account&quot; class=&quot;dropdown-toggle&quot; data-toggle=&quot;dropdown&quot;&gt;...&lt;/a&gt; is not clickable at point (897, 8). Other element would receive the click: &lt;div id=&quot;top-links&quot; class=&quot;nav pull-right&quot;&gt;...&lt;/div&gt;
  (Session info: MicrosoftEdge=125.0.2535.51)
Build info: version: &apos;4.10.0&apos;, revision: &apos;c14d967899&apos;
System info: os.name: &apos;Windows 10&apos;, os.arch: &apos;amd64&apos;, os.version: &apos;10.0&apos;, java.version: &apos;21.0.3&apos;
Driver info: org.openqa.selenium.edge.EdgeDriver
Command: [d8d541fc65ae503424760a95963c986b, clickElement {id=f.1A200B3C2FEC30CFB7608851FAA4294B.d.E06942239A267CEE19EBC469D9A57609.e.59}]
Capabilities {acceptInsecureCerts: false, browserName: MicrosoftEdge, browserVersion: 125.0.2535.51, fedcm:accounts: true, ms:edgeOptions: {debuggerAddress: localhost:52203}, msedge: {msedgedriverVersion: 125.0.2535.51 (b1bc6e892654..., userDataDir: C:\Users\LENOVO\AppData\Loc...}, networkConnectionEnabled: false, pageLoadStrategy: normal, platformName: windows, proxy: Proxy(), se:cdp: ws://localhost:52203/devtoo..., se:cdpVersion: 125.0.2535.51, setWindowRect: true, strictFileInteractability: false, timeouts: {implicit: 0, pageLoad: 300000, script: 30000}, unhandledPromptBehavior: dismiss and notify, webauthn:extension:credBlob: true, webauthn:extension:largeBlob: true, webauthn:extension:minPinLength: true, webauthn:extension:prf: true, webauthn:virtualAuthenticators: true}
Element: [[EdgeDriver: MicrosoftEdge on windows (d8d541fc65ae503424760a95963c986b)] -&gt; link text: My Account]
Session ID: d8d541fc65ae503424760a95963c986b
	at org.openqa.selenium.remote.codec.w3c.W3CHttpResponseCodec.createException(W3CHttpResponseCodec.java:199)
	at org.openqa.selenium.remote.codec.w3c.W3CHttpResponseCodec.decode(W3CHttpResponseCodec.java:132)
	at org.openqa.selenium.remote.codec.w3c.W3CHttpResponseCodec.decode(W3CHttpResponseCodec.java:51)
	at org.openqa.selenium.remote.HttpCommandExecutor.execute(HttpCommandExecutor.java:191)
	at org.openqa.selenium.remote.service.DriverCommandExecutor.invokeExecute(DriverCommandExecutor.java:196)
	at org.openqa.selenium.remote.service.DriverCommandExecutor.execute(DriverCommandExecutor.java:171)
	at org.openqa.selenium.remote.RemoteWebDriver.execute(RemoteWebDriver.java:531)
	at org.openqa.selenium.remote.RemoteWebElement.execute(RemoteWebElement.java:242)
	at org.openqa.selenium.remote.RemoteWebElement.click(RemoteWebElement.java:77)
	at pages1.WishListPage.clickMyAccount(WishListPage.java:27)
	at stepdefin.WishListSteps.testLogin(WishListSteps.java:38)
	at java.base/java.util.concurrent.ThreadPoolExecutor.runWorker(ThreadPoolExecutor.java:1144)
	at java.base/java.util.concurrent.ThreadPoolExecutor$Worker.run(ThreadPoolExecutor.java:642)
	at java.base/java.lang.Thread.run(Thread.java:1583)
... Removed 13 stack frames</div></td></tr></table><p class="totop"><a href="#summary">back to summary</a></p>
<h3 id="m37">stepdefin.WishListSteps#testAddToWishlist</h3><table class="result"><tr><th class="invisible"/></tr></table><p class="totop"><a href="#summary">back to summary</a></p>
<h3 id="m38">stepdefin.WishListSteps#testSearch</h3><table class="result"><tr class="param"><th>Parameter #1</th></tr><tr class="param stripe"><td>Mac</td></tr></table><p class="totop"><a href="#summary">back to summary</a></p>
<h3 id="m39">stepdefin.WishListSteps#testWishlistMenuIcon</h3><table class="result"><tr><th class="invisible"/></tr></table><p class="totop"><a href="#summary">back to summary</a></p>
<h2>HomeSteps</h2><h3 id="m40">stepdefin.HomeSteps#testAddToWishlist</h3><table class="result"><tr><th class="invisible"/></tr></table><p class="totop"><a href="#summary">back to summary</a></p>
<h3 id="m41">stepdefin.HomeSteps#testHomeIcon</h3><table class="result"><tr><th class="invisible"/></tr></table><p class="totop"><a href="#summary">back to summary</a></p>
<h3 id="m42">stepdefin.HomeSteps#testLogin</h3><table class="result"><tr class="param"><th>Parameter #1</th><th>Parameter #2</th></tr><tr class="param stripe"><td>cvsurendra2001@gmail.com</td><td>Phani@123</td></tr></table><p class="totop"><a href="#summary">back to summary</a></p>
<h3 id="m43">stepdefin.HomeSteps#testSearch</h3><table class="result"><tr class="param"><th>Parameter #1</th></tr><tr class="param stripe"><td>Mac</td></tr></table><p class="totop"><a href="#summary">back to summary</a></p>
<h3 id="m44">stepdefin.HomeSteps#testWishlistMenuIcon</h3><table class="result"><tr><th class="invisible"/></tr></table><p class="totop"><a href="#summary">back to summary</a></p>
<h2>CheckOutSteps</h2><h3 id="m45">stepdefin.CheckOutSteps#testCheckOut</h3><table class="result"><tr><th class="invisible"/></tr></table><p class="totop"><a href="#summary">back to summary</a></p>
<h3 id="m46">stepdefin.CheckOutSteps#testLogin</h3><table class="result"><tr class="param"><th>Parameter #1</th><th>Parameter #2</th></tr><tr class="param stripe"><td>cvsurenra2001@gmail.com.com</td><td>password1</td></tr></table><p class="totop"><a href="#summary">back to summary</a></p>
<h2>MyAccountSteps</h2><h3 id="m47">stepdefin.MyAccountSteps#testClicks</h3><table class="result"><tr class="param"><th>Parameter #1</th></tr><tr class="param stripe"><td>clickMyAccountLink</td></tr></table><p class="totop"><a href="#summary">back to summary</a></p>
<h3 id="m48">stepdefin.MyAccountSteps#testClicks</h3><table class="result"><tr class="param"><th>Parameter #1</th></tr><tr class="param stripe"><td>clickLoginLink</td></tr></table><p class="totop"><a href="#summary">back to summary</a></p>
<h3 id="m49">stepdefin.MyAccountSteps#testClicks</h3><table class="result"><tr class="param"><th>Parameter #1</th></tr><tr class="param stripe"><td>clickMyAccountFooter</td></tr></table><p class="totop"><a href="#summary">back to summary</a></p>
<h3 id="m50">stepdefin.MyAccountSteps#testClicks</h3><table class="result"><tr class="param"><th>Parameter #1</th></tr><tr class="param stripe"><td>clickMyAccountRightColumn</td></tr></table><p class="totop"><a href="#summary">back to summary</a></p>
<h2>MyAccountInfoSteps</h2><h3 id="m51">stepdefin.MyAccountInfoSteps#testEditAccount</h3><table class="result"><tr class="param"><th>Parameter #1</th><th>Parameter #2</th><th>Parameter #3</th></tr><tr class="param stripe"><td>cvsurendra2001@gmail.com</td><td>Phani@123</td><td>Surendraa</td></tr><tr><th colspan="3">Exception</th></tr><tr><td colspan="3"><div class="stacktrace">org.openqa.selenium.NoSuchElementException: no such element: Unable to locate element: {&quot;method&quot;:&quot;link text&quot;,&quot;selector&quot;:&quot;Edit your account information&quot;}
  (Session info: MicrosoftEdge=125.0.2535.51)
For documentation on this error, please visit: https://www.selenium.dev/documentation/webdriver/troubleshooting/errors#no-such-element-exception
Build info: version: &apos;4.10.0&apos;, revision: &apos;c14d967899&apos;
System info: os.name: &apos;Windows 10&apos;, os.arch: &apos;amd64&apos;, os.version: &apos;10.0&apos;, java.version: &apos;21.0.3&apos;
Driver info: org.openqa.selenium.edge.EdgeDriver
Command: [0a0138fd8a84ab8aaa620e7b18c66977, findElement {using=link text, value=Edit your account information}]
Capabilities {acceptInsecureCerts: false, browserName: MicrosoftEdge, browserVersion: 125.0.2535.51, fedcm:accounts: true, ms:edgeOptions: {debuggerAddress: localhost:52404}, msedge: {msedgedriverVersion: 125.0.2535.51 (b1bc6e892654..., userDataDir: C:\Users\LENOVO\AppData\Loc...}, networkConnectionEnabled: false, pageLoadStrategy: normal, platformName: windows, proxy: Proxy(), se:cdp: ws://localhost:52404/devtoo..., se:cdpVersion: 125.0.2535.51, setWindowRect: true, strictFileInteractability: false, timeouts: {implicit: 0, pageLoad: 300000, script: 30000}, unhandledPromptBehavior: dismiss and notify, webauthn:extension:credBlob: true, webauthn:extension:largeBlob: true, webauthn:extension:minPinLength: true, webauthn:extension:prf: true, webauthn:virtualAuthenticators: true}
Session ID: 0a0138fd8a84ab8aaa620e7b18c66977
	at org.openqa.selenium.remote.codec.w3c.W3CHttpResponseCodec.createException(W3CHttpResponseCodec.java:199)
	at org.openqa.selenium.remote.codec.w3c.W3CHttpResponseCodec.decode(W3CHttpResponseCodec.java:132)
	at org.openqa.selenium.remote.codec.w3c.W3CHttpResponseCodec.decode(W3CHttpResponseCodec.java:51)
	at org.openqa.selenium.remote.HttpCommandExecutor.execute(HttpCommandExecutor.java:191)
	at org.openqa.selenium.remote.service.DriverCommandExecutor.invokeExecute(DriverCommandExecutor.java:196)
	at org.openqa.selenium.remote.service.DriverCommandExecutor.execute(DriverCommandExecutor.java:171)
	at org.openqa.selenium.remote.RemoteWebDriver.execute(RemoteWebDriver.java:531)
	at org.openqa.selenium.remote.ElementLocation$ElementFinder$2.findElement(ElementLocation.java:165)
	at org.openqa.selenium.remote.ElementLocation.findElement(ElementLocation.java:59)
	at org.openqa.selenium.remote.RemoteWebDriver.findElement(RemoteWebDriver.java:350)
	at org.openqa.selenium.remote.RemoteWebDriver.findElement(RemoteWebDriver.java:344)
	at pages1.MyAccountInfoPage.clickEditAccountInfo(MyAccountInfoPage.java:49)
	at stepdefin.MyAccountInfoSteps.testEditAccount(MyAccountInfoSteps.java:36)
	at java.base/java.util.concurrent.ThreadPoolExecutor.runWorker(ThreadPoolExecutor.java:1144)
	at java.base/java.util.concurrent.ThreadPoolExecutor$Worker.run(ThreadPoolExecutor.java:642)
	at java.base/java.lang.Thread.run(Thread.java:1583)
... Removed 13 stack frames</div></td></tr></table><p class="totop"><a href="#summary">back to summary</a></p>
<h2>ChangePwdSteps</h2><h3 id="m52">stepdefin.ChangePwdSteps#testChangePassword</h3><table class="result"><tr class="param"><th>Parameter #1</th><th>Parameter #2</th><th>Parameter #3</th><th>Parameter #4</th></tr><tr class="param stripe"><td>cvsurendra2001@gmail.com</td><td>Phani@123</td><td>Phani@1234</td><td>Phani@1234</td></tr><tr><th colspan="4">Exception</th></tr><tr><td colspan="4"><div class="stacktrace">org.openqa.selenium.NoSuchElementException: no such element: Unable to locate element: {&quot;method&quot;:&quot;link text&quot;,&quot;selector&quot;:&quot;Change your password&quot;}
  (Session info: MicrosoftEdge=125.0.2535.51)
For documentation on this error, please visit: https://www.selenium.dev/documentation/webdriver/troubleshooting/errors#no-such-element-exception
Build info: version: &apos;4.10.0&apos;, revision: &apos;c14d967899&apos;
System info: os.name: &apos;Windows 10&apos;, os.arch: &apos;amd64&apos;, os.version: &apos;10.0&apos;, java.version: &apos;21.0.3&apos;
Driver info: org.openqa.selenium.edge.EdgeDriver
Command: [2accb390bc12ad5a4451794de69ae619, findElement {using=link text, value=Change your password}]
Capabilities {acceptInsecureCerts: false, browserName: MicrosoftEdge, browserVersion: 125.0.2535.51, fedcm:accounts: true, ms:edgeOptions: {debuggerAddress: localhost:52450}, msedge: {msedgedriverVersion: 125.0.2535.51 (b1bc6e892654..., userDataDir: C:\Users\LENOVO\AppData\Loc...}, networkConnectionEnabled: false, pageLoadStrategy: normal, platformName: windows, proxy: Proxy(), se:cdp: ws://localhost:52450/devtoo..., se:cdpVersion: 125.0.2535.51, setWindowRect: true, strictFileInteractability: false, timeouts: {implicit: 0, pageLoad: 300000, script: 30000}, unhandledPromptBehavior: dismiss and notify, webauthn:extension:credBlob: true, webauthn:extension:largeBlob: true, webauthn:extension:minPinLength: true, webauthn:extension:prf: true, webauthn:virtualAuthenticators: true}
Session ID: 2accb390bc12ad5a4451794de69ae619
	at org.openqa.selenium.remote.codec.w3c.W3CHttpResponseCodec.createException(W3CHttpResponseCodec.java:199)
	at org.openqa.selenium.remote.codec.w3c.W3CHttpResponseCodec.decode(W3CHttpResponseCodec.java:132)
	at org.openqa.selenium.remote.codec.w3c.W3CHttpResponseCodec.decode(W3CHttpResponseCodec.java:51)
	at org.openqa.selenium.remote.HttpCommandExecutor.execute(HttpCommandExecutor.java:191)
	at org.openqa.selenium.remote.service.DriverCommandExecutor.invokeExecute(DriverCommandExecutor.java:196)
	at org.openqa.selenium.remote.service.DriverCommandExecutor.execute(DriverCommandExecutor.java:171)
	at org.openqa.selenium.remote.RemoteWebDriver.execute(RemoteWebDriver.java:531)
	at org.openqa.selenium.remote.ElementLocation$ElementFinder$2.findElement(ElementLocation.java:165)
	at org.openqa.selenium.remote.ElementLocation.findElement(ElementLocation.java:59)
	at org.openqa.selenium.remote.RemoteWebDriver.findElement(RemoteWebDriver.java:350)
	at org.openqa.selenium.remote.RemoteWebDriver.findElement(RemoteWebDriver.java:344)
	at pages1.ChangePwdPage.clickChangePwdLink(ChangePwdPage.java:44)
	at stepdefin.ChangePwdSteps.testChangePassword(ChangePwdSteps.java:35)
	at java.base/java.util.concurrent.ThreadPoolExecutor.runWorker(ThreadPoolExecutor.java:1144)
	at java.base/java.util.concurrent.ThreadPoolExecutor$Worker.run(ThreadPoolExecutor.java:642)
	at java.base/java.lang.Thread.run(Thread.java:1583)
... Removed 13 stack frames</div></td></tr></table><p class="totop"><a href="#summary">back to summary</a></p>
<h2>AddressBookSteps</h2><h3 id="m53">stepdefin.AddressBookSteps#addNewAddress</h3><table class="result"><tr class="param"><th>Parameter #1</th><th>Parameter #2</th><th>Parameter #3</th><th>Parameter #4</th><th>Parameter #5</th><th>Parameter #6</th><th>Parameter #7</th><th>Parameter #8</th><th>Parameter #9</th></tr><tr class="param stripe"><td>cvsurendra2001@gmail.com</td><td>Phani@1234</td><td>John</td><td>Doe</td><td>tcs</td><td>123 Street</td><td>Apt 4</td><td>Banglore</td><td>513450</td></tr><tr><th colspan="9">Exception</th></tr><tr><td colspan="9"><div class="stacktrace">org.openqa.selenium.NoSuchElementException: no such element: Unable to locate element: {&quot;method&quot;:&quot;link text&quot;,&quot;selector&quot;:&quot;New Address&quot;}
  (Session info: MicrosoftEdge=125.0.2535.51)
For documentation on this error, please visit: https://www.selenium.dev/documentation/webdriver/troubleshooting/errors#no-such-element-exception
Build info: version: &apos;4.10.0&apos;, revision: &apos;c14d967899&apos;
System info: os.name: &apos;Windows 10&apos;, os.arch: &apos;amd64&apos;, os.version: &apos;10.0&apos;, java.version: &apos;21.0.3&apos;
Driver info: org.openqa.selenium.edge.EdgeDriver
Command: [e97df2b820812377ebf96e48139316fc, findElement {using=link text, value=New Address}]
Capabilities {acceptInsecureCerts: false, browserName: MicrosoftEdge, browserVersion: 125.0.2535.51, fedcm:accounts: true, ms:edgeOptions: {debuggerAddress: localhost:52500}, msedge: {msedgedriverVersion: 125.0.2535.51 (b1bc6e892654..., userDataDir: C:\Users\LENOVO\AppData\Loc...}, networkConnectionEnabled: false, pageLoadStrategy: normal, platformName: windows, proxy: Proxy(), se:cdp: ws://localhost:52500/devtoo..., se:cdpVersion: 125.0.2535.51, setWindowRect: true, strictFileInteractability: false, timeouts: {implicit: 0, pageLoad: 300000, script: 30000}, unhandledPromptBehavior: dismiss and notify, webauthn:extension:credBlob: true, webauthn:extension:largeBlob: true, webauthn:extension:minPinLength: true, webauthn:extension:prf: true, webauthn:virtualAuthenticators: true}
Session ID: e97df2b820812377ebf96e48139316fc
	at org.openqa.selenium.remote.codec.w3c.W3CHttpResponseCodec.createException(W3CHttpResponseCodec.java:199)
	at org.openqa.selenium.remote.codec.w3c.W3CHttpResponseCodec.decode(W3CHttpResponseCodec.java:132)
	at org.openqa.selenium.remote.codec.w3c.W3CHttpResponseCodec.decode(W3CHttpResponseCodec.java:51)
	at org.openqa.selenium.remote.HttpCommandExecutor.execute(HttpCommandExecutor.java:191)
	at org.openqa.selenium.remote.service.DriverCommandExecutor.invokeExecute(DriverCommandExecutor.java:196)
	at org.openqa.selenium.remote.service.DriverCommandExecutor.execute(DriverCommandExecutor.java:171)
	at org.openqa.selenium.remote.RemoteWebDriver.execute(RemoteWebDriver.java:531)
	at org.openqa.selenium.remote.ElementLocation$ElementFinder$2.findElement(ElementLocation.java:165)
	at org.openqa.selenium.remote.ElementLocation.findElement(ElementLocation.java:59)
	at org.openqa.selenium.remote.RemoteWebDriver.findElement(RemoteWebDriver.java:350)
	at org.openqa.selenium.remote.RemoteWebDriver.findElement(RemoteWebDriver.java:344)
	at pages1.AddressBookPage.clickNewAddress(AddressBookPage.java:59)
	at stepdefin.AddressBookSteps.addNewAddress(AddressBookSteps.java:35)
	at java.base/java.util.concurrent.ThreadPoolExecutor.runWorker(ThreadPoolExecutor.java:1144)
	at java.base/java.util.concurrent.ThreadPoolExecutor$Worker.run(ThreadPoolExecutor.java:642)
	at java.base/java.lang.Thread.run(Thread.java:1583)
... Removed 13 stack frames</div></td></tr></table><p class="totop"><a href="#summary">back to summary</a></p>
</body>
</html>
